<?xml version="1.0" encoding="utf-8"?><testsuites><testsuite name="pytest" errors="0" failures="0" skipped="0" tests="23" time="1.413" timestamp="2026-09-22T16:35:47.638499-07:00" hostname="Dell_InspiBr0n"><testcase classname="research.recovery_stress.test_recovery" name="test_full_release_uses_three_positive_signs_not_return_ranking" time="1.266" /><testcase classname="research.recovery_stress.test_recovery" name="test_independent_truth_table_and_fixed_state_monotonicity" time="0.009" /><testcase classname="research.recovery_stress.test_recovery" name="test_missing_nonfinite_and_nonpositive_refuse_cross_route[None-leaders]" time="0.005" /><testcase classname="research.recovery_stress.test_recovery" name="test_missing_nonfinite_and_nonpositive_refuse_cross_route[None-spy]" time="0.004" /><testcase classname="research.recovery_stress.test_recovery" name="test_missing_nonfinite_and_nonpositive_refuse_cross_route[None-core]" time="0.004" /><testcase classname="research.recovery_stress.test_recovery" name="test_missing_nonfinite_and_nonpositive_refuse_cross_route[nan-leaders]" time="0.004" /><testcase classname="research.recovery_stress.test_recovery" name="test_missing_nonfinite_and_nonpositive_refuse_cross_route[nan-spy]" time="0.005" /><testcase classname="research.recovery_stress.test_recovery" name="test_missing_nonfinite_and_nonpositive_refuse_cross_route[nan-core]" time="0.004" /><testcase classname="research.recovery_stress.test_recovery" name="test_missing_nonfinite_and_nonpositive_refuse_cross_route[inf-leaders]" time="0.004" /><testcase classname="research.recovery_stress.test_recovery" name="test_missing_nonfinite_and_nonpositive_refuse_cross_route[inf-spy]" time="0.004" /><testcase classname="research.recovery_stress.test_recovery" name="test_missing_nonfinite_and_nonpositive_refuse_cross_route[inf-core]" time="0.004" /><testcase classname="research.recovery_stress.test_recovery" name="test_missing_nonfinite_and_nonpositive_refuse_cross_route[0.0-leaders]" time="0.004" /><testcase classname="research.recovery_stress.test_recovery" name="test_missing_nonfinite_and_nonpositive_refuse_cross_route[0.0-spy]" time="0.004" /><testcase classname="research.recovery_stress.test_recovery" name="test_missing_nonfinite_and_nonpositive_refuse_cross_route[0.0-core]" time="0.004" /><testcase classname="research.recovery_stress.test_recovery" name="test_missing_nonfinite_and_nonpositive_refuse_cross_route[-0.01-leaders]" time="0.005" /><testcase classname="research.recovery_stress.test_recovery" name="test_missing_nonfinite_and_nonpositive_refuse_cross_route[-0.01-spy]" time="0.004" /><testcase classname="research.recovery_stress.test_recovery" name="test_missing_nonfinite_and_nonpositive_refuse_cross_route[-0.01-core]" time="0.005" /><testcase classname="research.recovery_stress.test_recovery" name="test_native_and_persistence_contracts_unchanged" time="0.005" /><testcase classname="research.recovery_stress.test_recovery" name="test_checkpoint_identity_and_restart" time="0.010" /><testcase classname="research.recovery_stress.test_recovery" name="test_gap_is_overnight_preserves_intraday_and_future_price_level" time="0.000" /><testcase classname="research.recovery_stress.test_recovery" name="test_stress_waits_for_executed_bridge_and_has_frozen_duration" time="0.000" /><testcase classname="research.recovery_stress.test_recovery" name="test_source_transformation_refuses_different_parent" time="0.000" /><testcase classname="research.recovery_stress.test_recovery" name="test_open_sale_cannot_erase_loss_on_prior_ownership" time="0.002" /></testsuite></testsuites>