<?xml version="1.0" encoding="utf-8"?><testsuites><testsuite name="pytest" errors="0" failures="0" skipped="0" tests="19" time="1.949" timestamp="2026-09-22T16:09:24.907484-07:00" hostname="Dell_InspiBr0n"><testcase classname="research.recovery_bridge.test_model" name="test_exact_eighth_and_relapse" time="0.001" /><testcase classname="research.recovery_bridge.test_model" name="test_missing_or_unhealthy_resets[r20-None]" time="0.001" /><testcase classname="research.recovery_bridge.test_model" name="test_missing_or_unhealthy_resets[r20-nan]" time="0.000" /><testcase classname="research.recovery_bridge.test_model" name="test_missing_or_unhealthy_resets[damage-None]" time="0.000" /><testcase classname="research.recovery_bridge.test_model" name="test_missing_or_unhealthy_resets[green-None]" time="0.000" /><testcase classname="research.recovery_bridge.test_model" name="test_missing_or_unhealthy_resets[r20-0.0]" time="0.000" /><testcase classname="research.recovery_bridge.test_model" name="test_missing_or_unhealthy_resets[damage-0.64]" time="0.000" /><testcase classname="research.recovery_bridge.test_model" name="test_missing_or_unhealthy_resets[green-0.19]" time="0.000" /><testcase classname="research.recovery_bridge.test_model" name="test_native_is_independent" time="0.000" /><testcase classname="research.recovery_bridge.test_model" name="test_no_change_to_full_release_or_divergence" time="0.000" /><testcase classname="research.recovery_bridge.test_model" name="test_owned_cap_and_monotonic_recovery" time="0.000" /><testcase classname="research.recovery_bridge.test_model" name="test_leaders_alone_cannot_qualify_owned_recovery" time="0.000" /><testcase classname="research.recovery_bridge.test_model" name="test_retained_legacy_full_release_is_not_globally_monotone" time="1.117" /><testcase classname="research.recovery_bridge.test_model" name="test_resume_and_corruption" time="0.001" /><testcase classname="research.recovery_bridge.test_model" name="test_real_native_entry_then_owned_bridge" time="0.770" /><testcase classname="research.recovery_bridge.test_model" name="test_prior_projection_view_does_not_mutate_core" time="0.000" /><testcase classname="research.recovery_bridge.test_model" name="test_independent_money_oracle_rejects_free_shares" time="0.000" /><testcase classname="research.recovery_bridge.test_model" name="test_screen_needs_activity_and_rejects_adverse_budget" time="0.000" /><testcase classname="research.recovery_bridge.test_model" name="test_timing_oracle_rejects_same_close_and_future_book" time="0.001" /></testsuite></testsuites>